{
  "stats": {
    "suites": 20,
    "tests": 59,
    "passes": 59,
    "pending": 0,
    "failures": 0,
    "start": "2020-12-20T16:30:10.111Z",
    "end": "2020-12-20T16:31:13.888Z",
    "duration": 63777,
    "testsRegistered": 59,
    "passPercent": 100,
    "pendingPercent": 0,
    "other": 0,
    "hasOther": false,
    "skipped": 0,
    "hasSkipped": false
  },
  "results": [
    {
      "uuid": "9265db29-e67a-4106-bee1-8d93e5c4fbcb",
      "title": "",
      "fullFile": "",
      "file": "",
      "beforeHooks": [],
      "afterHooks": [],
      "tests": [],
      "suites": [
        {
          "uuid": "d1748e5a-bd2b-4543-a811-63ce3a8fe11c",
          "title": "Accounts List Page: Verify all the Sections are Visible",
          "fullFile": "/Users/Jay/Desktop/Puppeteer-Mocha/tests/smokeTests/accountsListTests/accountsList.test.js",
          "file": "/tests/smokeTests/accountsListTests/accountsList.test.js",
          "beforeHooks": [
            {
              "title": "\"before all\" hook",
              "fullTitle": "Accounts List Page: Verify all the Sections are Visible \"before all\" hook",
              "timedOut": false,
              "duration": 1054,
              "state": null,
              "speed": null,
              "pass": false,
              "fail": false,
              "pending": false,
              "context": null,
              "code": "var self = this,\n    args = arguments;\nreturn new Promise(function (resolve, reject) {\n  var gen = fn.apply(self, args);\n  function _next(value) {\n    asyncGeneratorStep(gen, resolve, reject, _next, _throw, \"next\", value);\n  }\n  function _throw(err) {\n    asyncGeneratorStep(gen, resolve, reject, _next, _throw, \"throw\", err);\n  }\n  _next(undefined);\n});",
              "err": {},
              "uuid": "b3a65565-c486-4e31-8a31-1983d9ea0203",
              "parentUUID": "d1748e5a-bd2b-4543-a811-63ce3a8fe11c",
              "isHook": true,
              "skipped": false
            }
          ],
          "afterHooks": [
            {
              "title": "\"after all\" hook",
              "fullTitle": "Accounts List Page: Verify all the Sections are Visible \"after all\" hook",
              "timedOut": false,
              "duration": 27,
              "state": null,
              "speed": null,
              "pass": false,
              "fail": false,
              "pending": false,
              "context": null,
              "code": "var self = this,\n    args = arguments;\nreturn new Promise(function (resolve, reject) {\n  var gen = fn.apply(self, args);\n  function _next(value) {\n    asyncGeneratorStep(gen, resolve, reject, _next, _throw, \"next\", value);\n  }\n  function _throw(err) {\n    asyncGeneratorStep(gen, resolve, reject, _next, _throw, \"throw\", err);\n  }\n  _next(undefined);\n});",
              "err": {},
              "uuid": "a1810e65-02ba-4356-aacc-4349c3a9909c",
              "parentUUID": "d1748e5a-bd2b-4543-a811-63ce3a8fe11c",
              "isHook": true,
              "skipped": false
            },
            {
              "title": "\"after each\" hook",
              "fullTitle": "Accounts List Page: Verify all the Sections are Visible \"after each\" hook",
              "timedOut": false,
              "duration": 0,
              "state": null,
              "speed": null,
              "pass": false,
              "fail": false,
              "pending": false,
              "context": null,
              "code": "var self = this,\n    args = arguments;\nreturn new Promise(function (resolve, reject) {\n  var gen = fn.apply(self, args);\n  function _next(value) {\n    asyncGeneratorStep(gen, resolve, reject, _next, _throw, \"next\", value);\n  }\n  function _throw(err) {\n    asyncGeneratorStep(gen, resolve, reject, _next, _throw, \"throw\", err);\n  }\n  _next(undefined);\n});",
              "err": {},
              "uuid": "493ea330-753e-43c0-9b2e-508886ecbd6f",
              "parentUUID": "d1748e5a-bd2b-4543-a811-63ce3a8fe11c",
              "isHook": true,
              "skipped": false
            }
          ],
          "tests": [
            {
              "title": "Click on Accounts List Tab and Verify Account Details Tab visible",
              "fullTitle": "Accounts List Page: Verify all the Sections are Visible Click on Accounts List Tab and Verify Account Details Tab visible",
              "timedOut": false,
              "duration": 102,
              "state": "passed",
              "speed": "slow",
              "pass": true,
              "fail": false,
              "pending": false,
              "context": null,
              "code": "var self = this,\n    args = arguments;\nreturn new Promise(function (resolve, reject) {\n  var gen = fn.apply(self, args);\n  function _next(value) {\n    asyncGeneratorStep(gen, resolve, reject, _next, _throw, \"next\", value);\n  }\n  function _throw(err) {\n    asyncGeneratorStep(gen, resolve, reject, _next, _throw, \"throw\", err);\n  }\n  _next(undefined);\n});",
              "err": {},
              "uuid": "0a1a4788-84a0-460f-bbc8-79e5097befd9",
              "parentUUID": "d1748e5a-bd2b-4543-a811-63ce3a8fe11c",
              "isHook": false,
              "skipped": false
            },
            {
              "title": "Verify all labels and sections are visible",
              "fullTitle": "Accounts List Page: Verify all the Sections are Visible Verify all labels and sections are visible",
              "timedOut": false,
              "duration": 32,
              "state": "passed",
              "speed": "fast",
              "pass": true,
              "fail": false,
              "pending": false,
              "context": null,
              "code": "var self = this,\n    args = arguments;\nreturn new Promise(function (resolve, reject) {\n  var gen = fn.apply(self, args);\n  function _next(value) {\n    asyncGeneratorStep(gen, resolve, reject, _next, _throw, \"next\", value);\n  }\n  function _throw(err) {\n    asyncGeneratorStep(gen, resolve, reject, _next, _throw, \"throw\", err);\n  }\n  _next(undefined);\n});",
              "err": {},
              "uuid": "3edef811-3b98-417e-a2d8-351c8e425a37",
              "parentUUID": "d1748e5a-bd2b-4543-a811-63ce3a8fe11c",
              "isHook": false,
              "skipped": false
            }
          ],
          "suites": [],
          "passes": [
            "0a1a4788-84a0-460f-bbc8-79e5097befd9",
            "3edef811-3b98-417e-a2d8-351c8e425a37"
          ],
          "failures": [],
          "pending": [],
          "skipped": [],
          "duration": 134,
          "root": false,
          "rootEmpty": false,
          "_timeout": 30000
        },
        {
          "uuid": "cac63298-8e10-478d-b286-dddfaaa39f2a",
          "title": "Create Account Page : Create Account for User with Currency Dollar",
          "fullFile": "/Users/Jay/Desktop/Puppeteer-Mocha/tests/smokeTests/createAccountTests/createAccountDollar.test.js",
          "file": "/tests/smokeTests/createAccountTests/createAccountDollar.test.js",
          "beforeHooks": [
            {
              "title": "\"before all\" hook",
              "fullTitle": "Create Account Page : Create Account for User with Currency Dollar \"before all\" hook",
              "timedOut": false,
              "duration": 713,
              "state": null,
              "speed": null,
              "pass": false,
              "fail": false,
              "pending": false,
              "context": null,
              "code": "var self = this,\n    args = arguments;\nreturn new Promise(function (resolve, reject) {\n  var gen = fn.apply(self, args);\n  function _next(value) {\n    asyncGeneratorStep(gen, resolve, reject, _next, _throw, \"next\", value);\n  }\n  function _throw(err) {\n    asyncGeneratorStep(gen, resolve, reject, _next, _throw, \"throw\", err);\n  }\n  _next(undefined);\n});",
              "err": {},
              "uuid": "c61eb93c-767f-410b-9211-e485bb692995",
              "parentUUID": "cac63298-8e10-478d-b286-dddfaaa39f2a",
              "isHook": true,
              "skipped": false
            }
          ],
          "afterHooks": [
            {
              "title": "\"after all\" hook",
              "fullTitle": "Create Account Page : Create Account for User with Currency Dollar \"after all\" hook",
              "timedOut": false,
              "duration": 15,
              "state": null,
              "speed": null,
              "pass": false,
              "fail": false,
              "pending": false,
              "context": null,
              "code": "var self = this,\n    args = arguments;\nreturn new Promise(function (resolve, reject) {\n  var gen = fn.apply(self, args);\n  function _next(value) {\n    asyncGeneratorStep(gen, resolve, reject, _next, _throw, \"next\", value);\n  }\n  function _throw(err) {\n    asyncGeneratorStep(gen, resolve, reject, _next, _throw, \"throw\", err);\n  }\n  _next(undefined);\n});",
              "err": {},
              "uuid": "ea1f4440-7b71-4396-a8ef-986e6513ab58",
              "parentUUID": "cac63298-8e10-478d-b286-dddfaaa39f2a",
              "isHook": true,
              "skipped": false
            },
            {
              "title": "\"after each\" hook",
              "fullTitle": "Create Account Page : Create Account for User with Currency Dollar \"after each\" hook",
              "timedOut": false,
              "duration": 0,
              "state": null,
              "speed": null,
              "pass": false,
              "fail": false,
              "pending": false,
              "context": null,
              "code": "var self = this,\n    args = arguments;\nreturn new Promise(function (resolve, reject) {\n  var gen = fn.apply(self, args);\n  function _next(value) {\n    asyncGeneratorStep(gen, resolve, reject, _next, _throw, \"next\", value);\n  }\n  function _throw(err) {\n    asyncGeneratorStep(gen, resolve, reject, _next, _throw, \"throw\", err);\n  }\n  _next(undefined);\n});",
              "err": {},
              "uuid": "ebbaa6a4-400b-47fa-ad7f-b4f2fa831877",
              "parentUUID": "cac63298-8e10-478d-b286-dddfaaa39f2a",
              "isHook": true,
              "skipped": false
            }
          ],
          "tests": [
            {
              "title": "Verify page title",
              "fullTitle": "Create Account Page : Create Account for User with Currency Dollar Verify page title",
              "timedOut": false,
              "duration": 6,
              "state": "passed",
              "speed": "fast",
              "pass": true,
              "fail": false,
              "pending": false,
              "context": null,
              "code": "var self = this,\n    args = arguments;\nreturn new Promise(function (resolve, reject) {\n  var gen = fn.apply(self, args);\n  function _next(value) {\n    asyncGeneratorStep(gen, resolve, reject, _next, _throw, \"next\", value);\n  }\n  function _throw(err) {\n    asyncGeneratorStep(gen, resolve, reject, _next, _throw, \"throw\", err);\n  }\n  _next(undefined);\n});",
              "err": {},
              "uuid": "f4ac5840-b1f1-4d5f-a0ae-5a79d4e71b5d",
              "parentUUID": "cac63298-8e10-478d-b286-dddfaaa39f2a",
              "isHook": false,
              "skipped": false
            },
            {
              "title": "click Create Account Button and verify button text",
              "fullTitle": "Create Account Page : Create Account for User with Currency Dollar click Create Account Button and verify button text",
              "timedOut": false,
              "duration": 55,
              "state": "passed",
              "speed": "medium",
              "pass": true,
              "fail": false,
              "pending": false,
              "context": null,
              "code": "var self = this,\n    args = arguments;\nreturn new Promise(function (resolve, reject) {\n  var gen = fn.apply(self, args);\n  function _next(value) {\n    asyncGeneratorStep(gen, resolve, reject, _next, _throw, \"next\", value);\n  }\n  function _throw(err) {\n    asyncGeneratorStep(gen, resolve, reject, _next, _throw, \"throw\", err);\n  }\n  _next(undefined);\n});",
              "err": {},
              "uuid": "0dac17a9-c85b-4774-8b7f-73f88694cb05",
              "parentUUID": "cac63298-8e10-478d-b286-dddfaaa39f2a",
              "isHook": false,
              "skipped": false
            },
            {
              "title": "Fill in User details as currency Dollar and click submit button",
              "fullTitle": "Create Account Page : Create Account for User with Currency Dollar Fill in User details as currency Dollar and click submit button",
              "timedOut": false,
              "duration": 146,
              "state": "passed",
              "speed": "slow",
              "pass": true,
              "fail": false,
              "pending": false,
              "context": null,
              "code": "var self = this,\n    args = arguments;\nreturn new Promise(function (resolve, reject) {\n  var gen = fn.apply(self, args);\n  function _next(value) {\n    asyncGeneratorStep(gen, resolve, reject, _next, _throw, \"next\", value);\n  }\n  function _throw(err) {\n    asyncGeneratorStep(gen, resolve, reject, _next, _throw, \"throw\", err);\n  }\n  _next(undefined);\n});",
              "err": {},
              "uuid": "e79d0e88-ef46-498c-93ff-c08bc43b78c1",
              "parentUUID": "cac63298-8e10-478d-b286-dddfaaa39f2a",
              "isHook": false,
              "skipped": false
            },
            {
              "title": "Verify success message and text",
              "fullTitle": "Create Account Page : Create Account for User with Currency Dollar Verify success message and text",
              "timedOut": false,
              "duration": 387,
              "state": "passed",
              "speed": "slow",
              "pass": true,
              "fail": false,
              "pending": false,
              "context": null,
              "code": "var self = this,\n    args = arguments;\nreturn new Promise(function (resolve, reject) {\n  var gen = fn.apply(self, args);\n  function _next(value) {\n    asyncGeneratorStep(gen, resolve, reject, _next, _throw, \"next\", value);\n  }\n  function _throw(err) {\n    asyncGeneratorStep(gen, resolve, reject, _next, _throw, \"throw\", err);\n  }\n  _next(undefined);\n});",
              "err": {},
              "uuid": "5746c437-86be-4483-b0f5-67ea117ebd78",
              "parentUUID": "cac63298-8e10-478d-b286-dddfaaa39f2a",
              "isHook": false,
              "skipped": false
            }
          ],
          "suites": [],
          "passes": [
            "f4ac5840-b1f1-4d5f-a0ae-5a79d4e71b5d",
            "0dac17a9-c85b-4774-8b7f-73f88694cb05",
            "e79d0e88-ef46-498c-93ff-c08bc43b78c1",
            "5746c437-86be-4483-b0f5-67ea117ebd78"
          ],
          "failures": [],
          "pending": [],
          "skipped": [],
          "duration": 594,
          "root": false,
          "rootEmpty": false,
          "_timeout": 30000
        },
        {
          "uuid": "9afb371a-c4df-4de5-8b27-da5540b02389",
          "title": "Create Account Page : Create Account for User with Currency Euro",
          "fullFile": "/Users/Jay/Desktop/Puppeteer-Mocha/tests/smokeTests/createAccountTests/createAccountEuro.test.js",
          "file": "/tests/smokeTests/createAccountTests/createAccountEuro.test.js",
          "beforeHooks": [
            {
              "title": "\"before all\" hook",
              "fullTitle": "Create Account Page : Create Account for User with Currency Euro \"before all\" hook",
              "timedOut": false,
              "duration": 739,
              "state": null,
              "speed": null,
              "pass": false,
              "fail": false,
              "pending": false,
              "context": null,
              "code": "var self = this,\n    args = arguments;\nreturn new Promise(function (resolve, reject) {\n  var gen = fn.apply(self, args);\n  function _next(value) {\n    asyncGeneratorStep(gen, resolve, reject, _next, _throw, \"next\", value);\n  }\n  function _throw(err) {\n    asyncGeneratorStep(gen, resolve, reject, _next, _throw, \"throw\", err);\n  }\n  _next(undefined);\n});",
              "err": {},
              "uuid": "f0bb0b92-4281-4fe6-b662-41db6fd8d3d8",
              "parentUUID": "9afb371a-c4df-4de5-8b27-da5540b02389",
              "isHook": true,
              "skipped": false
            }
          ],
          "afterHooks": [
            {
              "title": "\"after all\" hook",
              "fullTitle": "Create Account Page : Create Account for User with Currency Euro \"after all\" hook",
              "timedOut": false,
              "duration": 15,
              "state": null,
              "speed": null,
              "pass": false,
              "fail": false,
              "pending": false,
              "context": null,
              "code": "var self = this,\n    args = arguments;\nreturn new Promise(function (resolve, reject) {\n  var gen = fn.apply(self, args);\n  function _next(value) {\n    asyncGeneratorStep(gen, resolve, reject, _next, _throw, \"next\", value);\n  }\n  function _throw(err) {\n    asyncGeneratorStep(gen, resolve, reject, _next, _throw, \"throw\", err);\n  }\n  _next(undefined);\n});",
              "err": {},
              "uuid": "af91a679-e2a5-4032-ae73-c630bbb097e8",
              "parentUUID": "9afb371a-c4df-4de5-8b27-da5540b02389",
              "isHook": true,
              "skipped": false
            },
            {
              "title": "\"after each\" hook",
              "fullTitle": "Create Account Page : Create Account for User with Currency Euro \"after each\" hook",
              "timedOut": false,
              "duration": 0,
              "state": null,
              "speed": null,
              "pass": false,
              "fail": false,
              "pending": false,
              "context": null,
              "code": "var self = this,\n    args = arguments;\nreturn new Promise(function (resolve, reject) {\n  var gen = fn.apply(self, args);\n  function _next(value) {\n    asyncGeneratorStep(gen, resolve, reject, _next, _throw, \"next\", value);\n  }\n  function _throw(err) {\n    asyncGeneratorStep(gen, resolve, reject, _next, _throw, \"throw\", err);\n  }\n  _next(undefined);\n});",
              "err": {},
              "uuid": "120b2692-64fb-4e21-85fe-8e6ccabfc846",
              "parentUUID": "9afb371a-c4df-4de5-8b27-da5540b02389",
              "isHook": true,
              "skipped": false
            }
          ],
          "tests": [
            {
              "title": "Verify page title",
              "fullTitle": "Create Account Page : Create Account for User with Currency Euro Verify page title",
              "timedOut": false,
              "duration": 5,
              "state": "passed",
              "speed": "fast",
              "pass": true,
              "fail": false,
              "pending": false,
              "context": null,
              "code": "var self = this,\n    args = arguments;\nreturn new Promise(function (resolve, reject) {\n  var gen = fn.apply(self, args);\n  function _next(value) {\n    asyncGeneratorStep(gen, resolve, reject, _next, _throw, \"next\", value);\n  }\n  function _throw(err) {\n    asyncGeneratorStep(gen, resolve, reject, _next, _throw, \"throw\", err);\n  }\n  _next(undefined);\n});",
              "err": {},
              "uuid": "7fed2ca0-5bc4-46e2-ad6f-c7e7daf4b238",
              "parentUUID": "9afb371a-c4df-4de5-8b27-da5540b02389",
              "isHook": false,
              "skipped": false
            },
            {
              "title": "click Create Account Button and verify button text",
              "fullTitle": "Create Account Page : Create Account for User with Currency Euro click Create Account Button and verify button text",
              "timedOut": false,
              "duration": 55,
              "state": "passed",
              "speed": "medium",
              "pass": true,
              "fail": false,
              "pending": false,
              "context": null,
              "code": "var self = this,\n    args = arguments;\nreturn new Promise(function (resolve, reject) {\n  var gen = fn.apply(self, args);\n  function _next(value) {\n    asyncGeneratorStep(gen, resolve, reject, _next, _throw, \"next\", value);\n  }\n  function _throw(err) {\n    asyncGeneratorStep(gen, resolve, reject, _next, _throw, \"throw\", err);\n  }\n  _next(undefined);\n});",
              "err": {},
              "uuid": "13240a30-cbaa-40af-b90f-e243a419b1a9",
              "parentUUID": "9afb371a-c4df-4de5-8b27-da5540b02389",
              "isHook": false,
              "skipped": false
            },
            {
              "title": "Fill in User details as currency Dollar and click submit button",
              "fullTitle": "Create Account Page : Create Account for User with Currency Euro Fill in User details as currency Dollar and click submit button",
              "timedOut": false,
              "duration": 146,
              "state": "passed",
              "speed": "slow",
              "pass": true,
              "fail": false,
              "pending": false,
              "context": null,
              "code": "var self = this,\n    args = arguments;\nreturn new Promise(function (resolve, reject) {\n  var gen = fn.apply(self, args);\n  function _next(value) {\n    asyncGeneratorStep(gen, resolve, reject, _next, _throw, \"next\", value);\n  }\n  function _throw(err) {\n    asyncGeneratorStep(gen, resolve, reject, _next, _throw, \"throw\", err);\n  }\n  _next(undefined);\n});",
              "err": {},
              "uuid": "cfdc61af-ba79-4bbd-b355-6a441106a752",
              "parentUUID": "9afb371a-c4df-4de5-8b27-da5540b02389",
              "isHook": false,
              "skipped": false
            },
            {
              "title": "Verify success message and text",
              "fullTitle": "Create Account Page : Create Account for User with Currency Euro Verify success message and text",
              "timedOut": false,
              "duration": 386,
              "state": "passed",
              "speed": "slow",
              "pass": true,
              "fail": false,
              "pending": false,
              "context": null,
              "code": "var self = this,\n    args = arguments;\nreturn new Promise(function (resolve, reject) {\n  var gen = fn.apply(self, args);\n  function _next(value) {\n    asyncGeneratorStep(gen, resolve, reject, _next, _throw, \"next\", value);\n  }\n  function _throw(err) {\n    asyncGeneratorStep(gen, resolve, reject, _next, _throw, \"throw\", err);\n  }\n  _next(undefined);\n});",
              "err": {},
              "uuid": "664a2242-cd23-4e2b-8c00-90a59398676d",
              "parentUUID": "9afb371a-c4df-4de5-8b27-da5540b02389",
              "isHook": false,
              "skipped": false
            }
          ],
          "suites": [],
          "passes": [
            "7fed2ca0-5bc4-46e2-ad6f-c7e7daf4b238",
            "13240a30-cbaa-40af-b90f-e243a419b1a9",
            "cfdc61af-ba79-4bbd-b355-6a441106a752",
            "664a2242-cd23-4e2b-8c00-90a59398676d"
          ],
          "failures": [],
          "pending": [],
          "skipped": [],
          "duration": 592,
          "root": false,
          "rootEmpty": false,
          "_timeout": 30000
        },
        {
          "uuid": "e929bb6d-d32c-4121-86ed-665caa8861e2",
          "title": "Create Transaction Page : Create Transaction for User by Selecting Source and Destination Owner",
          "fullFile": "/Users/Jay/Desktop/Puppeteer-Mocha/tests/smokeTests/createTransactionTests/createTransaction.test.js",
          "file": "/tests/smokeTests/createTransactionTests/createTransaction.test.js",
          "beforeHooks": [
            {
              "title": "\"before all\" hook",
              "fullTitle": "Create Transaction Page : Create Transaction for User by Selecting Source and Destination Owner \"before all\" hook",
              "timedOut": false,
              "duration": 748,
              "state": null,
              "speed": null,
              "pass": false,
              "fail": false,
              "pending": false,
              "context": null,
              "code": "var self = this,\n    args = arguments;\nreturn new Promise(function (resolve, reject) {\n  var gen = fn.apply(self, args);\n  function _next(value) {\n    asyncGeneratorStep(gen, resolve, reject, _next, _throw, \"next\", value);\n  }\n  function _throw(err) {\n    asyncGeneratorStep(gen, resolve, reject, _next, _throw, \"throw\", err);\n  }\n  _next(undefined);\n});",
              "err": {},
              "uuid": "06f1ebfe-4f91-4a16-8500-0860a8f4a14c",
              "parentUUID": "e929bb6d-d32c-4121-86ed-665caa8861e2",
              "isHook": true,
              "skipped": false
            }
          ],
          "afterHooks": [
            {
              "title": "\"after all\" hook",
              "fullTitle": "Create Transaction Page : Create Transaction for User by Selecting Source and Destination Owner \"after all\" hook",
              "timedOut": false,
              "duration": 15,
              "state": null,
              "speed": null,
              "pass": false,
              "fail": false,
              "pending": false,
              "context": null,
              "code": "var self = this,\n    args = arguments;\nreturn new Promise(function (resolve, reject) {\n  var gen = fn.apply(self, args);\n  function _next(value) {\n    asyncGeneratorStep(gen, resolve, reject, _next, _throw, \"next\", value);\n  }\n  function _throw(err) {\n    asyncGeneratorStep(gen, resolve, reject, _next, _throw, \"throw\", err);\n  }\n  _next(undefined);\n});",
              "err": {},
              "uuid": "c2f62a97-ac6a-45bc-b1c1-cea7f43ef5c5",
              "parentUUID": "e929bb6d-d32c-4121-86ed-665caa8861e2",
              "isHook": true,
              "skipped": false
            },
            {
              "title": "\"after each\" hook",
              "fullTitle": "Create Transaction Page : Create Transaction for User by Selecting Source and Destination Owner \"after each\" hook",
              "timedOut": false,
              "duration": 0,
              "state": null,
              "speed": null,
              "pass": false,
              "fail": false,
              "pending": false,
              "context": null,
              "code": "var self = this,\n    args = arguments;\nreturn new Promise(function (resolve, reject) {\n  var gen = fn.apply(self, args);\n  function _next(value) {\n    asyncGeneratorStep(gen, resolve, reject, _next, _throw, \"next\", value);\n  }\n  function _throw(err) {\n    asyncGeneratorStep(gen, resolve, reject, _next, _throw, \"throw\", err);\n  }\n  _next(undefined);\n});",
              "err": {},
              "uuid": "c112641d-803a-435d-836b-c1ad89e22993",
              "parentUUID": "e929bb6d-d32c-4121-86ed-665caa8861e2",
              "isHook": true,
              "skipped": false
            }
          ],
          "tests": [
            {
              "title": "click create transaction button and verify button text",
              "fullTitle": "Create Transaction Page : Create Transaction for User by Selecting Source and Destination Owner click create transaction button and verify button text",
              "timedOut": false,
              "duration": 355,
              "state": "passed",
              "speed": "slow",
              "pass": true,
              "fail": false,
              "pending": false,
              "context": null,
              "code": "var self = this,\n    args = arguments;\nreturn new Promise(function (resolve, reject) {\n  var gen = fn.apply(self, args);\n  function _next(value) {\n    asyncGeneratorStep(gen, resolve, reject, _next, _throw, \"next\", value);\n  }\n  function _throw(err) {\n    asyncGeneratorStep(gen, resolve, reject, _next, _throw, \"throw\", err);\n  }\n  _next(undefined);\n});",
              "err": {},
              "uuid": "cd21fcc9-4c9f-4e88-a5fd-40d1f1bb4464",
              "parentUUID": "e929bb6d-d32c-4121-86ed-665caa8861e2",
              "isHook": false,
              "skipped": false
            },
            {
              "title": "Type amount and select the owner of source and destination",
              "fullTitle": "Create Transaction Page : Create Transaction for User by Selecting Source and Destination Owner Type amount and select the owner of source and destination",
              "timedOut": false,
              "duration": 132,
              "state": "passed",
              "speed": "slow",
              "pass": true,
              "fail": false,
              "pending": false,
              "context": null,
              "code": "var self = this,\n    args = arguments;\nreturn new Promise(function (resolve, reject) {\n  var gen = fn.apply(self, args);\n  function _next(value) {\n    asyncGeneratorStep(gen, resolve, reject, _next, _throw, \"next\", value);\n  }\n  function _throw(err) {\n    asyncGeneratorStep(gen, resolve, reject, _next, _throw, \"throw\", err);\n  }\n  _next(undefined);\n});",
              "err": {},
              "uuid": "c086b7c2-fbac-4265-be03-15195fee23b7",
              "parentUUID": "e929bb6d-d32c-4121-86ed-665caa8861e2",
              "isHook": false,
              "skipped": false
            },
            {
              "title": "Verify success message and text",
              "fullTitle": "Create Transaction Page : Create Transaction for User by Selecting Source and Destination Owner Verify success message and text",
              "timedOut": false,
              "duration": 600,
              "state": "passed",
              "speed": "slow",
              "pass": true,
              "fail": false,
              "pending": false,
              "context": null,
              "code": "var self = this,\n    args = arguments;\nreturn new Promise(function (resolve, reject) {\n  var gen = fn.apply(self, args);\n  function _next(value) {\n    asyncGeneratorStep(gen, resolve, reject, _next, _throw, \"next\", value);\n  }\n  function _throw(err) {\n    asyncGeneratorStep(gen, resolve, reject, _next, _throw, \"throw\", err);\n  }\n  _next(undefined);\n});",
              "err": {},
              "uuid": "5da85568-a62e-498f-9bf0-ab1d5b80b26b",
              "parentUUID": "e929bb6d-d32c-4121-86ed-665caa8861e2",
              "isHook": false,
              "skipped": false
            }
          ],
          "suites": [],
          "passes": [
            "cd21fcc9-4c9f-4e88-a5fd-40d1f1bb4464",
            "c086b7c2-fbac-4265-be03-15195fee23b7",
            "5da85568-a62e-498f-9bf0-ab1d5b80b26b"
          ],
          "failures": [],
          "pending": [],
          "skipped": [],
          "duration": 1087,
          "root": false,
          "rootEmpty": false,
          "_timeout": 30000
        },
        {
          "uuid": "541cbeae-8d37-4539-abf8-cadf76813f47",
          "title": "Create Transaction Page : Negative Test to verify Source and Destination cannot be same Error Message",
          "fullFile": "/Users/Jay/Desktop/Puppeteer-Mocha/tests/smokeTests/createTransactionTests/sourceDestinationNotSame.test.js",
          "file": "/tests/smokeTests/createTransactionTests/sourceDestinationNotSame.test.js",
          "beforeHooks": [
            {
              "title": "\"before all\" hook",
              "fullTitle": "Create Transaction Page : Negative Test to verify Source and Destination cannot be same Error Message \"before all\" hook",
              "timedOut": false,
              "duration": 664,
              "state": null,
              "speed": null,
              "pass": false,
              "fail": false,
              "pending": false,
              "context": null,
              "code": "var self = this,\n    args = arguments;\nreturn new Promise(function (resolve, reject) {\n  var gen = fn.apply(self, args);\n  function _next(value) {\n    asyncGeneratorStep(gen, resolve, reject, _next, _throw, \"next\", value);\n  }\n  function _throw(err) {\n    asyncGeneratorStep(gen, resolve, reject, _next, _throw, \"throw\", err);\n  }\n  _next(undefined);\n});",
              "err": {},
              "uuid": "e5990d0b-e84a-43d2-bc20-84948d547988",
              "parentUUID": "541cbeae-8d37-4539-abf8-cadf76813f47",
              "isHook": true,
              "skipped": false
            }
          ],
          "afterHooks": [
            {
              "title": "\"after all\" hook",
              "fullTitle": "Create Transaction Page : Negative Test to verify Source and Destination cannot be same Error Message \"after all\" hook",
              "timedOut": false,
              "duration": 15,
              "state": null,
              "speed": null,
              "pass": false,
              "fail": false,
              "pending": false,
              "context": null,
              "code": "var self = this,\n    args = arguments;\nreturn new Promise(function (resolve, reject) {\n  var gen = fn.apply(self, args);\n  function _next(value) {\n    asyncGeneratorStep(gen, resolve, reject, _next, _throw, \"next\", value);\n  }\n  function _throw(err) {\n    asyncGeneratorStep(gen, resolve, reject, _next, _throw, \"throw\", err);\n  }\n  _next(undefined);\n});",
              "err": {},
              "uuid": "e8fe837f-91ef-42d2-84ec-56aa52ebc203",
              "parentUUID": "541cbeae-8d37-4539-abf8-cadf76813f47",
              "isHook": true,
              "skipped": false
            },
            {
              "title": "\"after each\" hook",
              "fullTitle": "Create Transaction Page : Negative Test to verify Source and Destination cannot be same Error Message \"after each\" hook",
              "timedOut": false,
              "duration": 0,
              "state": null,
              "speed": null,
              "pass": false,
              "fail": false,
              "pending": false,
              "context": null,
              "code": "var self = this,\n    args = arguments;\nreturn new Promise(function (resolve, reject) {\n  var gen = fn.apply(self, args);\n  function _next(value) {\n    asyncGeneratorStep(gen, resolve, reject, _next, _throw, \"next\", value);\n  }\n  function _throw(err) {\n    asyncGeneratorStep(gen, resolve, reject, _next, _throw, \"throw\", err);\n  }\n  _next(undefined);\n});",
              "err": {},
              "uuid": "6b4168c1-1e5b-4b0e-a191-eed0688faab8",
              "parentUUID": "541cbeae-8d37-4539-abf8-cadf76813f47",
              "isHook": true,
              "skipped": false
            }
          ],
          "tests": [
            {
              "title": "Click create transaction tab",
              "fullTitle": "Create Transaction Page : Negative Test to verify Source and Destination cannot be same Error Message Click create transaction tab",
              "timedOut": false,
              "duration": 359,
              "state": "passed",
              "speed": "slow",
              "pass": true,
              "fail": false,
              "pending": false,
              "context": null,
              "code": "var self = this,\n    args = arguments;\nreturn new Promise(function (resolve, reject) {\n  var gen = fn.apply(self, args);\n  function _next(value) {\n    asyncGeneratorStep(gen, resolve, reject, _next, _throw, \"next\", value);\n  }\n  function _throw(err) {\n    asyncGeneratorStep(gen, resolve, reject, _next, _throw, \"throw\", err);\n  }\n  _next(undefined);\n});",
              "err": {},
              "uuid": "31a27c60-220a-4a74-b9ee-628785f28de5",
              "parentUUID": "541cbeae-8d37-4539-abf8-cadf76813f47",
              "isHook": false,
              "skipped": false
            },
            {
              "title": "Select the owner of source and destination as same and verify error message",
              "fullTitle": "Create Transaction Page : Negative Test to verify Source and Destination cannot be same Error Message Select the owner of source and destination as same and verify error message",
              "timedOut": false,
              "duration": 155,
              "state": "passed",
              "speed": "slow",
              "pass": true,
              "fail": false,
              "pending": false,
              "context": null,
              "code": "var self = this,\n    args = arguments;\nreturn new Promise(function (resolve, reject) {\n  var gen = fn.apply(self, args);\n  function _next(value) {\n    asyncGeneratorStep(gen, resolve, reject, _next, _throw, \"next\", value);\n  }\n  function _throw(err) {\n    asyncGeneratorStep(gen, resolve, reject, _next, _throw, \"throw\", err);\n  }\n  _next(undefined);\n});",
              "err": {},
              "uuid": "24d8049a-90b3-4de8-a52d-d1d7e02c00a3",
              "parentUUID": "541cbeae-8d37-4539-abf8-cadf76813f47",
              "isHook": false,
              "skipped": false
            }
          ],
          "suites": [],
          "passes": [
            "31a27c60-220a-4a74-b9ee-628785f28de5",
            "24d8049a-90b3-4de8-a52d-d1d7e02c00a3"
          ],
          "failures": [],
          "pending": [],
          "skipped": [],
          "duration": 514,
          "root": false,
          "rootEmpty": false,
          "_timeout": 30000
        },
        {
          "uuid": "c9b9ee74-1f5c-4759-9600-371779b680a0",
          "title": "Transaction List Page : Enter dates and click Search to view records visible",
          "fullFile": "/Users/Jay/Desktop/Puppeteer-Mocha/tests/smokeTests/transactionsListTests/transactionsList.test.js",
          "file": "/tests/smokeTests/transactionsListTests/transactionsList.test.js",
          "beforeHooks": [
            {
              "title": "\"before all\" hook",
              "fullTitle": "Transaction List Page : Enter dates and click Search to view records visible \"before all\" hook",
              "timedOut": false,
              "duration": 957,
              "state": null,
              "speed": null,
              "pass": false,
              "fail": false,
              "pending": false,
              "context": null,
              "code": "var self = this,\n    args = arguments;\nreturn new Promise(function (resolve, reject) {\n  var gen = fn.apply(self, args);\n  function _next(value) {\n    asyncGeneratorStep(gen, resolve, reject, _next, _throw, \"next\", value);\n  }\n  function _throw(err) {\n    asyncGeneratorStep(gen, resolve, reject, _next, _throw, \"throw\", err);\n  }\n  _next(undefined);\n});",
              "err": {},
              "uuid": "0f980850-a1e6-43ca-a023-860ada3cd93d",
              "parentUUID": "c9b9ee74-1f5c-4759-9600-371779b680a0",
              "isHook": true,
              "skipped": false
            }
          ],
          "afterHooks": [
            {
              "title": "\"after all\" hook",
              "fullTitle": "Transaction List Page : Enter dates and click Search to view records visible \"after all\" hook",
              "timedOut": false,
              "duration": 21,
              "state": null,
              "speed": null,
              "pass": false,
              "fail": false,
              "pending": false,
              "context": null,
              "code": "var self = this,\n    args = arguments;\nreturn new Promise(function (resolve, reject) {\n  var gen = fn.apply(self, args);\n  function _next(value) {\n    asyncGeneratorStep(gen, resolve, reject, _next, _throw, \"next\", value);\n  }\n  function _throw(err) {\n    asyncGeneratorStep(gen, resolve, reject, _next, _throw, \"throw\", err);\n  }\n  _next(undefined);\n});",
              "err": {},
              "uuid": "c9a411f4-4af6-400d-878f-4f332000c7cd",
              "parentUUID": "c9b9ee74-1f5c-4759-9600-371779b680a0",
              "isHook": true,
              "skipped": false
            },
            {
              "title": "\"after each\" hook",
              "fullTitle": "Transaction List Page : Enter dates and click Search to view records visible \"after each\" hook",
              "timedOut": false,
              "duration": 0,
              "state": null,
              "speed": null,
              "pass": false,
              "fail": false,
              "pending": false,
              "context": null,
              "code": "var self = this,\n    args = arguments;\nreturn new Promise(function (resolve, reject) {\n  var gen = fn.apply(self, args);\n  function _next(value) {\n    asyncGeneratorStep(gen, resolve, reject, _next, _throw, \"next\", value);\n  }\n  function _throw(err) {\n    asyncGeneratorStep(gen, resolve, reject, _next, _throw, \"throw\", err);\n  }\n  _next(undefined);\n});",
              "err": {},
              "uuid": "6d1d56f4-3e2a-4cc7-b495-93b704dcc8cc",
              "parentUUID": "c9b9ee74-1f5c-4759-9600-371779b680a0",
              "isHook": true,
              "skipped": false
            }
          ],
          "tests": [
            {
              "title": "Click transactions list tab and verify transaction details tab and info message visible",
              "fullTitle": "Transaction List Page : Enter dates and click Search to view records visible Click transactions list tab and verify transaction details tab and info message visible",
              "timedOut": false,
              "duration": 178,
              "state": "passed",
              "speed": "slow",
              "pass": true,
              "fail": false,
              "pending": false,
              "context": null,
              "code": "var self = this,\n    args = arguments;\nreturn new Promise(function (resolve, reject) {\n  var gen = fn.apply(self, args);\n  function _next(value) {\n    asyncGeneratorStep(gen, resolve, reject, _next, _throw, \"next\", value);\n  }\n  function _throw(err) {\n    asyncGeneratorStep(gen, resolve, reject, _next, _throw, \"throw\", err);\n  }\n  _next(undefined);\n});",
              "err": {},
              "uuid": "eea647f5-6717-4ec9-a7eb-3fa19de5d4f4",
              "parentUUID": "c9b9ee74-1f5c-4759-9600-371779b680a0",
              "isHook": false,
              "skipped": false
            },
            {
              "title": "Enter dates and click search button to see the transactions visible",
              "fullTitle": "Transaction List Page : Enter dates and click Search to view records visible Enter dates and click search button to see the transactions visible",
              "timedOut": false,
              "duration": 168,
              "state": "passed",
              "speed": "slow",
              "pass": true,
              "fail": false,
              "pending": false,
              "context": null,
              "code": "var self = this,\n    args = arguments;\nreturn new Promise(function (resolve, reject) {\n  var gen = fn.apply(self, args);\n  function _next(value) {\n    asyncGeneratorStep(gen, resolve, reject, _next, _throw, \"next\", value);\n  }\n  function _throw(err) {\n    asyncGeneratorStep(gen, resolve, reject, _next, _throw, \"throw\", err);\n  }\n  _next(undefined);\n});",
              "err": {},
              "uuid": "2f05a9b1-6832-4741-9300-c3a1447b5ff5",
              "parentUUID": "c9b9ee74-1f5c-4759-9600-371779b680a0",
              "isHook": false,
              "skipped": false
            }
          ],
          "suites": [],
          "passes": [
            "eea647f5-6717-4ec9-a7eb-3fa19de5d4f4",
            "2f05a9b1-6832-4741-9300-c3a1447b5ff5"
          ],
          "failures": [],
          "pending": [],
          "skipped": [],
          "duration": 346,
          "root": false,
          "rootEmpty": false,
          "_timeout": 30000
        },
        {
          "uuid": "0ce234ab-5cbe-456d-89ff-4a99acd189b2",
          "title": "Accounts List Page: Verify all the Sections are Visible",
          "fullFile": "/Users/Jay/Desktop/Puppeteer-Mocha/tests/testsRegression/accountsListTests/accountsList.test.js",
          "file": "/tests/testsRegression/accountsListTests/accountsList.test.js",
          "beforeHooks": [
            {
              "title": "\"before all\" hook",
              "fullTitle": "Accounts List Page: Verify all the Sections are Visible \"before all\" hook",
              "timedOut": false,
              "duration": 23492,
              "state": null,
              "speed": null,
              "pass": false,
              "fail": false,
              "pending": false,
              "context": null,
              "code": "var self = this,\n    args = arguments;\nreturn new Promise(function (resolve, reject) {\n  var gen = fn.apply(self, args);\n  function _next(value) {\n    asyncGeneratorStep(gen, resolve, reject, _next, _throw, \"next\", value);\n  }\n  function _throw(err) {\n    asyncGeneratorStep(gen, resolve, reject, _next, _throw, \"throw\", err);\n  }\n  _next(undefined);\n});",
              "err": {},
              "uuid": "9ac90eca-4089-4423-a319-6874d8d07f55",
              "parentUUID": "0ce234ab-5cbe-456d-89ff-4a99acd189b2",
              "isHook": true,
              "skipped": false
            }
          ],
          "afterHooks": [
            {
              "title": "\"after all\" hook",
              "fullTitle": "Accounts List Page: Verify all the Sections are Visible \"after all\" hook",
              "timedOut": false,
              "duration": 19,
              "state": null,
              "speed": null,
              "pass": false,
              "fail": false,
              "pending": false,
              "context": null,
              "code": "var self = this,\n    args = arguments;\nreturn new Promise(function (resolve, reject) {\n  var gen = fn.apply(self, args);\n  function _next(value) {\n    asyncGeneratorStep(gen, resolve, reject, _next, _throw, \"next\", value);\n  }\n  function _throw(err) {\n    asyncGeneratorStep(gen, resolve, reject, _next, _throw, \"throw\", err);\n  }\n  _next(undefined);\n});",
              "err": {},
              "uuid": "0eacff3c-e789-4d5a-804a-6cbe5d06d0a6",
              "parentUUID": "0ce234ab-5cbe-456d-89ff-4a99acd189b2",
              "isHook": true,
              "skipped": false
            },
            {
              "title": "\"after each\" hook",
              "fullTitle": "Accounts List Page: Verify all the Sections are Visible \"after each\" hook",
              "timedOut": false,
              "duration": 0,
              "state": null,
              "speed": null,
              "pass": false,
              "fail": false,
              "pending": false,
              "context": null,
              "code": "var self = this,\n    args = arguments;\nreturn new Promise(function (resolve, reject) {\n  var gen = fn.apply(self, args);\n  function _next(value) {\n    asyncGeneratorStep(gen, resolve, reject, _next, _throw, \"next\", value);\n  }\n  function _throw(err) {\n    asyncGeneratorStep(gen, resolve, reject, _next, _throw, \"throw\", err);\n  }\n  _next(undefined);\n});",
              "err": {},
              "uuid": "36b99a66-1a45-4968-a5fc-951c1432083c",
              "parentUUID": "0ce234ab-5cbe-456d-89ff-4a99acd189b2",
              "isHook": true,
              "skipped": false
            }
          ],
          "tests": [
            {
              "title": "Click on Accounts List Tab and Verify Account Details Tab visible",
              "fullTitle": "Accounts List Page: Verify all the Sections are Visible Click on Accounts List Tab and Verify Account Details Tab visible",
              "timedOut": false,
              "duration": 106,
              "state": "passed",
              "speed": "slow",
              "pass": true,
              "fail": false,
              "pending": false,
              "context": null,
              "code": "var self = this,\n    args = arguments;\nreturn new Promise(function (resolve, reject) {\n  var gen = fn.apply(self, args);\n  function _next(value) {\n    asyncGeneratorStep(gen, resolve, reject, _next, _throw, \"next\", value);\n  }\n  function _throw(err) {\n    asyncGeneratorStep(gen, resolve, reject, _next, _throw, \"throw\", err);\n  }\n  _next(undefined);\n});",
              "err": {},
              "uuid": "bcd15519-e13e-4b8d-826f-d3002b50e177",
              "parentUUID": "0ce234ab-5cbe-456d-89ff-4a99acd189b2",
              "isHook": false,
              "skipped": false
            },
            {
              "title": "Verify all labels and sections are visible",
              "fullTitle": "Accounts List Page: Verify all the Sections are Visible Verify all labels and sections are visible",
              "timedOut": false,
              "duration": 21,
              "state": "passed",
              "speed": "fast",
              "pass": true,
              "fail": false,
              "pending": false,
              "context": null,
              "code": "var self = this,\n    args = arguments;\nreturn new Promise(function (resolve, reject) {\n  var gen = fn.apply(self, args);\n  function _next(value) {\n    asyncGeneratorStep(gen, resolve, reject, _next, _throw, \"next\", value);\n  }\n  function _throw(err) {\n    asyncGeneratorStep(gen, resolve, reject, _next, _throw, \"throw\", err);\n  }\n  _next(undefined);\n});",
              "err": {},
              "uuid": "be4bed35-1026-40de-95f5-fafb6797f9c6",
              "parentUUID": "0ce234ab-5cbe-456d-89ff-4a99acd189b2",
              "isHook": false,
              "skipped": false
            }
          ],
          "suites": [],
          "passes": [
            "bcd15519-e13e-4b8d-826f-d3002b50e177",
            "be4bed35-1026-40de-95f5-fafb6797f9c6"
          ],
          "failures": [],
          "pending": [],
          "skipped": [],
          "duration": 127,
          "root": false,
          "rootEmpty": false,
          "_timeout": 30000
        },
        {
          "uuid": "dfb00c39-a224-4de3-875b-b39bb85b2f2c",
          "title": "Accounts List Page: Enter Name and click Next & Prev Buttons to check the respective rows visible",
          "fullFile": "/Users/Jay/Desktop/Puppeteer-Mocha/tests/testsRegression/accountsListTests/enterName.test.js",
          "file": "/tests/testsRegression/accountsListTests/enterName.test.js",
          "beforeHooks": [
            {
              "title": "\"before all\" hook",
              "fullTitle": "Accounts List Page: Enter Name and click Next & Prev Buttons to check the respective rows visible \"before all\" hook",
              "timedOut": false,
              "duration": 1039,
              "state": null,
              "speed": null,
              "pass": false,
              "fail": false,
              "pending": false,
              "context": null,
              "code": "var self = this,\n    args = arguments;\nreturn new Promise(function (resolve, reject) {\n  var gen = fn.apply(self, args);\n  function _next(value) {\n    asyncGeneratorStep(gen, resolve, reject, _next, _throw, \"next\", value);\n  }\n  function _throw(err) {\n    asyncGeneratorStep(gen, resolve, reject, _next, _throw, \"throw\", err);\n  }\n  _next(undefined);\n});",
              "err": {},
              "uuid": "07833b45-3c70-4f51-a8d3-55b2cc6b72a0",
              "parentUUID": "dfb00c39-a224-4de3-875b-b39bb85b2f2c",
              "isHook": true,
              "skipped": false
            }
          ],
          "afterHooks": [
            {
              "title": "\"after all\" hook",
              "fullTitle": "Accounts List Page: Enter Name and click Next & Prev Buttons to check the respective rows visible \"after all\" hook",
              "timedOut": false,
              "duration": 17,
              "state": null,
              "speed": null,
              "pass": false,
              "fail": false,
              "pending": false,
              "context": null,
              "code": "var self = this,\n    args = arguments;\nreturn new Promise(function (resolve, reject) {\n  var gen = fn.apply(self, args);\n  function _next(value) {\n    asyncGeneratorStep(gen, resolve, reject, _next, _throw, \"next\", value);\n  }\n  function _throw(err) {\n    asyncGeneratorStep(gen, resolve, reject, _next, _throw, \"throw\", err);\n  }\n  _next(undefined);\n});",
              "err": {},
              "uuid": "f658ff07-fa0f-470f-9aac-c49939751661",
              "parentUUID": "dfb00c39-a224-4de3-875b-b39bb85b2f2c",
              "isHook": true,
              "skipped": false
            },
            {
              "title": "\"after each\" hook",
              "fullTitle": "Accounts List Page: Enter Name and click Next & Prev Buttons to check the respective rows visible \"after each\" hook",
              "timedOut": false,
              "duration": 0,
              "state": null,
              "speed": null,
              "pass": false,
              "fail": false,
              "pending": false,
              "context": null,
              "code": "var self = this,\n    args = arguments;\nreturn new Promise(function (resolve, reject) {\n  var gen = fn.apply(self, args);\n  function _next(value) {\n    asyncGeneratorStep(gen, resolve, reject, _next, _throw, \"next\", value);\n  }\n  function _throw(err) {\n    asyncGeneratorStep(gen, resolve, reject, _next, _throw, \"throw\", err);\n  }\n  _next(undefined);\n});",
              "err": {},
              "uuid": "580f76e8-8f0b-43b6-9743-035ecfe622d3",
              "parentUUID": "dfb00c39-a224-4de3-875b-b39bb85b2f2c",
              "isHook": true,
              "skipped": false
            }
          ],
          "tests": [
            {
              "title": "Click on Accounts List Tab and Verify Account Details Tab visible",
              "fullTitle": "Accounts List Page: Enter Name and click Next & Prev Buttons to check the respective rows visible Click on Accounts List Tab and Verify Account Details Tab visible",
              "timedOut": false,
              "duration": 103,
              "state": "passed",
              "speed": "slow",
              "pass": true,
              "fail": false,
              "pending": false,
              "context": null,
              "code": "var self = this,\n    args = arguments;\nreturn new Promise(function (resolve, reject) {\n  var gen = fn.apply(self, args);\n  function _next(value) {\n    asyncGeneratorStep(gen, resolve, reject, _next, _throw, \"next\", value);\n  }\n  function _throw(err) {\n    asyncGeneratorStep(gen, resolve, reject, _next, _throw, \"throw\", err);\n  }\n  _next(undefined);\n});",
              "err": {},
              "uuid": "862206e0-8068-4e39-890b-ee169ee78609",
              "parentUUID": "dfb00c39-a224-4de3-875b-b39bb85b2f2c",
              "isHook": false,
              "skipped": false
            },
            {
              "title": "Enter Name in the input field and check respective rows visible",
              "fullTitle": "Accounts List Page: Enter Name and click Next & Prev Buttons to check the respective rows visible Enter Name in the input field and check respective rows visible",
              "timedOut": false,
              "duration": 38,
              "state": "passed",
              "speed": "medium",
              "pass": true,
              "fail": false,
              "pending": false,
              "context": null,
              "code": "var self = this,\n    args = arguments;\nreturn new Promise(function (resolve, reject) {\n  var gen = fn.apply(self, args);\n  function _next(value) {\n    asyncGeneratorStep(gen, resolve, reject, _next, _throw, \"next\", value);\n  }\n  function _throw(err) {\n    asyncGeneratorStep(gen, resolve, reject, _next, _throw, \"throw\", err);\n  }\n  _next(undefined);\n});",
              "err": {},
              "uuid": "f189a813-6bbd-4fdf-9c6c-5bc0de0aa3d6",
              "parentUUID": "dfb00c39-a224-4de3-875b-b39bb85b2f2c",
              "isHook": false,
              "skipped": false
            },
            {
              "title": "Click on the next page and Previous page button to verify whether the rows visible",
              "fullTitle": "Accounts List Page: Enter Name and click Next & Prev Buttons to check the respective rows visible Click on the next page and Previous page button to verify whether the rows visible",
              "timedOut": false,
              "duration": 103,
              "state": "passed",
              "speed": "slow",
              "pass": true,
              "fail": false,
              "pending": false,
              "context": null,
              "code": "var self = this,\n    args = arguments;\nreturn new Promise(function (resolve, reject) {\n  var gen = fn.apply(self, args);\n  function _next(value) {\n    asyncGeneratorStep(gen, resolve, reject, _next, _throw, \"next\", value);\n  }\n  function _throw(err) {\n    asyncGeneratorStep(gen, resolve, reject, _next, _throw, \"throw\", err);\n  }\n  _next(undefined);\n});",
              "err": {},
              "uuid": "7c1054c3-eda5-4c88-993d-6f4074ad352e",
              "parentUUID": "dfb00c39-a224-4de3-875b-b39bb85b2f2c",
              "isHook": false,
              "skipped": false
            }
          ],
          "suites": [],
          "passes": [
            "862206e0-8068-4e39-890b-ee169ee78609",
            "f189a813-6bbd-4fdf-9c6c-5bc0de0aa3d6",
            "7c1054c3-eda5-4c88-993d-6f4074ad352e"
          ],
          "failures": [],
          "pending": [],
          "skipped": [],
          "duration": 244,
          "root": false,
          "rootEmpty": false,
          "_timeout": 30000
        },
        {
          "uuid": "3d8ba342-3ae3-4d61-93df-f65da47842b7",
          "title": "Create Account Page : Click on Clear Button and verify the fields are Empty",
          "fullFile": "/Users/Jay/Desktop/Puppeteer-Mocha/tests/testsRegression/createAccountTests/createAccountClear.test.js",
          "file": "/tests/testsRegression/createAccountTests/createAccountClear.test.js",
          "beforeHooks": [
            {
              "title": "\"before all\" hook",
              "fullTitle": "Create Account Page : Click on Clear Button and verify the fields are Empty \"before all\" hook",
              "timedOut": false,
              "duration": 643,
              "state": null,
              "speed": null,
              "pass": false,
              "fail": false,
              "pending": false,
              "context": null,
              "code": "var self = this,\n    args = arguments;\nreturn new Promise(function (resolve, reject) {\n  var gen = fn.apply(self, args);\n  function _next(value) {\n    asyncGeneratorStep(gen, resolve, reject, _next, _throw, \"next\", value);\n  }\n  function _throw(err) {\n    asyncGeneratorStep(gen, resolve, reject, _next, _throw, \"throw\", err);\n  }\n  _next(undefined);\n});",
              "err": {},
              "uuid": "b9764a29-7a59-4790-82ba-dc713b6db703",
              "parentUUID": "3d8ba342-3ae3-4d61-93df-f65da47842b7",
              "isHook": true,
              "skipped": false
            }
          ],
          "afterHooks": [
            {
              "title": "\"after all\" hook",
              "fullTitle": "Create Account Page : Click on Clear Button and verify the fields are Empty \"after all\" hook",
              "timedOut": false,
              "duration": 15,
              "state": null,
              "speed": null,
              "pass": false,
              "fail": false,
              "pending": false,
              "context": null,
              "code": "var self = this,\n    args = arguments;\nreturn new Promise(function (resolve, reject) {\n  var gen = fn.apply(self, args);\n  function _next(value) {\n    asyncGeneratorStep(gen, resolve, reject, _next, _throw, \"next\", value);\n  }\n  function _throw(err) {\n    asyncGeneratorStep(gen, resolve, reject, _next, _throw, \"throw\", err);\n  }\n  _next(undefined);\n});",
              "err": {},
              "uuid": "60086f96-217a-4554-9ac8-3e2779292c7b",
              "parentUUID": "3d8ba342-3ae3-4d61-93df-f65da47842b7",
              "isHook": true,
              "skipped": false
            },
            {
              "title": "\"after each\" hook",
              "fullTitle": "Create Account Page : Click on Clear Button and verify the fields are Empty \"after each\" hook",
              "timedOut": false,
              "duration": 0,
              "state": null,
              "speed": null,
              "pass": false,
              "fail": false,
              "pending": false,
              "context": null,
              "code": "var self = this,\n    args = arguments;\nreturn new Promise(function (resolve, reject) {\n  var gen = fn.apply(self, args);\n  function _next(value) {\n    asyncGeneratorStep(gen, resolve, reject, _next, _throw, \"next\", value);\n  }\n  function _throw(err) {\n    asyncGeneratorStep(gen, resolve, reject, _next, _throw, \"throw\", err);\n  }\n  _next(undefined);\n});",
              "err": {},
              "uuid": "a05f88ae-ee20-46a9-9452-27b6062f3a31",
              "parentUUID": "3d8ba342-3ae3-4d61-93df-f65da47842b7",
              "isHook": true,
              "skipped": false
            }
          ],
          "tests": [
            {
              "title": "Verify page title",
              "fullTitle": "Create Account Page : Click on Clear Button and verify the fields are Empty Verify page title",
              "timedOut": false,
              "duration": 5,
              "state": "passed",
              "speed": "fast",
              "pass": true,
              "fail": false,
              "pending": false,
              "context": null,
              "code": "var self = this,\n    args = arguments;\nreturn new Promise(function (resolve, reject) {\n  var gen = fn.apply(self, args);\n  function _next(value) {\n    asyncGeneratorStep(gen, resolve, reject, _next, _throw, \"next\", value);\n  }\n  function _throw(err) {\n    asyncGeneratorStep(gen, resolve, reject, _next, _throw, \"throw\", err);\n  }\n  _next(undefined);\n});",
              "err": {},
              "uuid": "d340d05d-0f85-4310-9b1b-05c5e0e1b2c7",
              "parentUUID": "3d8ba342-3ae3-4d61-93df-f65da47842b7",
              "isHook": false,
              "skipped": false
            },
            {
              "title": "Click create account tab and verify button text",
              "fullTitle": "Create Account Page : Click on Clear Button and verify the fields are Empty Click create account tab and verify button text",
              "timedOut": false,
              "duration": 49,
              "state": "passed",
              "speed": "medium",
              "pass": true,
              "fail": false,
              "pending": false,
              "context": null,
              "code": "var self = this,\n    args = arguments;\nreturn new Promise(function (resolve, reject) {\n  var gen = fn.apply(self, args);\n  function _next(value) {\n    asyncGeneratorStep(gen, resolve, reject, _next, _throw, \"next\", value);\n  }\n  function _throw(err) {\n    asyncGeneratorStep(gen, resolve, reject, _next, _throw, \"throw\", err);\n  }\n  _next(undefined);\n});",
              "err": {},
              "uuid": "47c61a19-11f2-4075-b8dc-c243415756da",
              "parentUUID": "3d8ba342-3ae3-4d61-93df-f65da47842b7",
              "isHook": false,
              "skipped": false
            },
            {
              "title": "Fill in User details and click clear button",
              "fullTitle": "Create Account Page : Click on Clear Button and verify the fields are Empty Fill in User details and click clear button",
              "timedOut": false,
              "duration": 88,
              "state": "passed",
              "speed": "slow",
              "pass": true,
              "fail": false,
              "pending": false,
              "context": null,
              "code": "var self = this,\n    args = arguments;\nreturn new Promise(function (resolve, reject) {\n  var gen = fn.apply(self, args);\n  function _next(value) {\n    asyncGeneratorStep(gen, resolve, reject, _next, _throw, \"next\", value);\n  }\n  function _throw(err) {\n    asyncGeneratorStep(gen, resolve, reject, _next, _throw, \"throw\", err);\n  }\n  _next(undefined);\n});",
              "err": {},
              "uuid": "20b85398-122b-47d4-b0cd-3b39962eff65",
              "parentUUID": "3d8ba342-3ae3-4d61-93df-f65da47842b7",
              "isHook": false,
              "skipped": false
            },
            {
              "title": "Verify owner and balance fields are empty",
              "fullTitle": "Create Account Page : Click on Clear Button and verify the fields are Empty Verify owner and balance fields are empty",
              "timedOut": false,
              "duration": 8,
              "state": "passed",
              "speed": "fast",
              "pass": true,
              "fail": false,
              "pending": false,
              "context": null,
              "code": "var self = this,\n    args = arguments;\nreturn new Promise(function (resolve, reject) {\n  var gen = fn.apply(self, args);\n  function _next(value) {\n    asyncGeneratorStep(gen, resolve, reject, _next, _throw, \"next\", value);\n  }\n  function _throw(err) {\n    asyncGeneratorStep(gen, resolve, reject, _next, _throw, \"throw\", err);\n  }\n  _next(undefined);\n});",
              "err": {},
              "uuid": "8d7ff3b3-dfde-41bb-9e92-b3d10fc69938",
              "parentUUID": "3d8ba342-3ae3-4d61-93df-f65da47842b7",
              "isHook": false,
              "skipped": false
            }
          ],
          "suites": [],
          "passes": [
            "d340d05d-0f85-4310-9b1b-05c5e0e1b2c7",
            "47c61a19-11f2-4075-b8dc-c243415756da",
            "20b85398-122b-47d4-b0cd-3b39962eff65",
            "8d7ff3b3-dfde-41bb-9e92-b3d10fc69938"
          ],
          "failures": [],
          "pending": [],
          "skipped": [],
          "duration": 150,
          "root": false,
          "rootEmpty": false,
          "_timeout": 30000
        },
        {
          "uuid": "d8c08a7c-4f13-44b9-8378-9128cbc09bc3",
          "title": "Create Account Page : Create Account for User with Currency Dollar",
          "fullFile": "/Users/Jay/Desktop/Puppeteer-Mocha/tests/testsRegression/createAccountTests/createAccountDollar.test.js",
          "file": "/tests/testsRegression/createAccountTests/createAccountDollar.test.js",
          "beforeHooks": [
            {
              "title": "\"before all\" hook",
              "fullTitle": "Create Account Page : Create Account for User with Currency Dollar \"before all\" hook",
              "timedOut": false,
              "duration": 663,
              "state": null,
              "speed": null,
              "pass": false,
              "fail": false,
              "pending": false,
              "context": null,
              "code": "var self = this,\n    args = arguments;\nreturn new Promise(function (resolve, reject) {\n  var gen = fn.apply(self, args);\n  function _next(value) {\n    asyncGeneratorStep(gen, resolve, reject, _next, _throw, \"next\", value);\n  }\n  function _throw(err) {\n    asyncGeneratorStep(gen, resolve, reject, _next, _throw, \"throw\", err);\n  }\n  _next(undefined);\n});",
              "err": {},
              "uuid": "8d323f7e-3bf6-46f5-ad64-676e8efa657a",
              "parentUUID": "d8c08a7c-4f13-44b9-8378-9128cbc09bc3",
              "isHook": true,
              "skipped": false
            }
          ],
          "afterHooks": [
            {
              "title": "\"after all\" hook",
              "fullTitle": "Create Account Page : Create Account for User with Currency Dollar \"after all\" hook",
              "timedOut": false,
              "duration": 16,
              "state": null,
              "speed": null,
              "pass": false,
              "fail": false,
              "pending": false,
              "context": null,
              "code": "var self = this,\n    args = arguments;\nreturn new Promise(function (resolve, reject) {\n  var gen = fn.apply(self, args);\n  function _next(value) {\n    asyncGeneratorStep(gen, resolve, reject, _next, _throw, \"next\", value);\n  }\n  function _throw(err) {\n    asyncGeneratorStep(gen, resolve, reject, _next, _throw, \"throw\", err);\n  }\n  _next(undefined);\n});",
              "err": {},
              "uuid": "2a04f515-9e44-46e3-bf93-6fef30cb3384",
              "parentUUID": "d8c08a7c-4f13-44b9-8378-9128cbc09bc3",
              "isHook": true,
              "skipped": false
            },
            {
              "title": "\"after each\" hook",
              "fullTitle": "Create Account Page : Create Account for User with Currency Dollar \"after each\" hook",
              "timedOut": false,
              "duration": 0,
              "state": null,
              "speed": null,
              "pass": false,
              "fail": false,
              "pending": false,
              "context": null,
              "code": "var self = this,\n    args = arguments;\nreturn new Promise(function (resolve, reject) {\n  var gen = fn.apply(self, args);\n  function _next(value) {\n    asyncGeneratorStep(gen, resolve, reject, _next, _throw, \"next\", value);\n  }\n  function _throw(err) {\n    asyncGeneratorStep(gen, resolve, reject, _next, _throw, \"throw\", err);\n  }\n  _next(undefined);\n});",
              "err": {},
              "uuid": "886ce2e0-393a-4531-afcb-72ad63e8441b",
              "parentUUID": "d8c08a7c-4f13-44b9-8378-9128cbc09bc3",
              "isHook": true,
              "skipped": false
            }
          ],
          "tests": [
            {
              "title": "Verify page title",
              "fullTitle": "Create Account Page : Create Account for User with Currency Dollar Verify page title",
              "timedOut": false,
              "duration": 6,
              "state": "passed",
              "speed": "fast",
              "pass": true,
              "fail": false,
              "pending": false,
              "context": null,
              "code": "var self = this,\n    args = arguments;\nreturn new Promise(function (resolve, reject) {\n  var gen = fn.apply(self, args);\n  function _next(value) {\n    asyncGeneratorStep(gen, resolve, reject, _next, _throw, \"next\", value);\n  }\n  function _throw(err) {\n    asyncGeneratorStep(gen, resolve, reject, _next, _throw, \"throw\", err);\n  }\n  _next(undefined);\n});",
              "err": {},
              "uuid": "185bc599-b304-415c-a451-3167e48358e0",
              "parentUUID": "d8c08a7c-4f13-44b9-8378-9128cbc09bc3",
              "isHook": false,
              "skipped": false
            },
            {
              "title": "click Create Account Button and verify button text",
              "fullTitle": "Create Account Page : Create Account for User with Currency Dollar click Create Account Button and verify button text",
              "timedOut": false,
              "duration": 52,
              "state": "passed",
              "speed": "medium",
              "pass": true,
              "fail": false,
              "pending": false,
              "context": null,
              "code": "var self = this,\n    args = arguments;\nreturn new Promise(function (resolve, reject) {\n  var gen = fn.apply(self, args);\n  function _next(value) {\n    asyncGeneratorStep(gen, resolve, reject, _next, _throw, \"next\", value);\n  }\n  function _throw(err) {\n    asyncGeneratorStep(gen, resolve, reject, _next, _throw, \"throw\", err);\n  }\n  _next(undefined);\n});",
              "err": {},
              "uuid": "9e6a7f32-9243-4856-aa6b-1c0b36a75ea7",
              "parentUUID": "d8c08a7c-4f13-44b9-8378-9128cbc09bc3",
              "isHook": false,
              "skipped": false
            },
            {
              "title": "Fill in User details as currency Dollar and click submit button",
              "fullTitle": "Create Account Page : Create Account for User with Currency Dollar Fill in User details as currency Dollar and click submit button",
              "timedOut": false,
              "duration": 130,
              "state": "passed",
              "speed": "slow",
              "pass": true,
              "fail": false,
              "pending": false,
              "context": null,
              "code": "var self = this,\n    args = arguments;\nreturn new Promise(function (resolve, reject) {\n  var gen = fn.apply(self, args);\n  function _next(value) {\n    asyncGeneratorStep(gen, resolve, reject, _next, _throw, \"next\", value);\n  }\n  function _throw(err) {\n    asyncGeneratorStep(gen, resolve, reject, _next, _throw, \"throw\", err);\n  }\n  _next(undefined);\n});",
              "err": {},
              "uuid": "473c7814-dde3-490c-bf10-65e0cf2b1401",
              "parentUUID": "d8c08a7c-4f13-44b9-8378-9128cbc09bc3",
              "isHook": false,
              "skipped": false
            },
            {
              "title": "Verify success message and text",
              "fullTitle": "Create Account Page : Create Account for User with Currency Dollar Verify success message and text",
              "timedOut": false,
              "duration": 389,
              "state": "passed",
              "speed": "slow",
              "pass": true,
              "fail": false,
              "pending": false,
              "context": null,
              "code": "var self = this,\n    args = arguments;\nreturn new Promise(function (resolve, reject) {\n  var gen = fn.apply(self, args);\n  function _next(value) {\n    asyncGeneratorStep(gen, resolve, reject, _next, _throw, \"next\", value);\n  }\n  function _throw(err) {\n    asyncGeneratorStep(gen, resolve, reject, _next, _throw, \"throw\", err);\n  }\n  _next(undefined);\n});",
              "err": {},
              "uuid": "1376b7d9-1dc4-4883-bcc6-247256d1a1c8",
              "parentUUID": "d8c08a7c-4f13-44b9-8378-9128cbc09bc3",
              "isHook": false,
              "skipped": false
            }
          ],
          "suites": [],
          "passes": [
            "185bc599-b304-415c-a451-3167e48358e0",
            "9e6a7f32-9243-4856-aa6b-1c0b36a75ea7",
            "473c7814-dde3-490c-bf10-65e0cf2b1401",
            "1376b7d9-1dc4-4883-bcc6-247256d1a1c8"
          ],
          "failures": [],
          "pending": [],
          "skipped": [],
          "duration": 577,
          "root": false,
          "rootEmpty": false,
          "_timeout": 30000
        },
        {
          "uuid": "18779a91-1336-41ad-937f-a01de690361c",
          "title": "Create Account Page : Create Account for User with Currency Euro",
          "fullFile": "/Users/Jay/Desktop/Puppeteer-Mocha/tests/testsRegression/createAccountTests/createAccountEuro.test.js",
          "file": "/tests/testsRegression/createAccountTests/createAccountEuro.test.js",
          "beforeHooks": [
            {
              "title": "\"before all\" hook",
              "fullTitle": "Create Account Page : Create Account for User with Currency Euro \"before all\" hook",
              "timedOut": false,
              "duration": 954,
              "state": null,
              "speed": null,
              "pass": false,
              "fail": false,
              "pending": false,
              "context": null,
              "code": "var self = this,\n    args = arguments;\nreturn new Promise(function (resolve, reject) {\n  var gen = fn.apply(self, args);\n  function _next(value) {\n    asyncGeneratorStep(gen, resolve, reject, _next, _throw, \"next\", value);\n  }\n  function _throw(err) {\n    asyncGeneratorStep(gen, resolve, reject, _next, _throw, \"throw\", err);\n  }\n  _next(undefined);\n});",
              "err": {},
              "uuid": "73900306-3ef6-4a2c-9c8a-16f66a29f859",
              "parentUUID": "18779a91-1336-41ad-937f-a01de690361c",
              "isHook": true,
              "skipped": false
            }
          ],
          "afterHooks": [
            {
              "title": "\"after all\" hook",
              "fullTitle": "Create Account Page : Create Account for User with Currency Euro \"after all\" hook",
              "timedOut": false,
              "duration": 17,
              "state": null,
              "speed": null,
              "pass": false,
              "fail": false,
              "pending": false,
              "context": null,
              "code": "var self = this,\n    args = arguments;\nreturn new Promise(function (resolve, reject) {\n  var gen = fn.apply(self, args);\n  function _next(value) {\n    asyncGeneratorStep(gen, resolve, reject, _next, _throw, \"next\", value);\n  }\n  function _throw(err) {\n    asyncGeneratorStep(gen, resolve, reject, _next, _throw, \"throw\", err);\n  }\n  _next(undefined);\n});",
              "err": {},
              "uuid": "dacb6b9d-b893-4a46-8b26-c1465eeb25f4",
              "parentUUID": "18779a91-1336-41ad-937f-a01de690361c",
              "isHook": true,
              "skipped": false
            },
            {
              "title": "\"after each\" hook",
              "fullTitle": "Create Account Page : Create Account for User with Currency Euro \"after each\" hook",
              "timedOut": false,
              "duration": 0,
              "state": null,
              "speed": null,
              "pass": false,
              "fail": false,
              "pending": false,
              "context": null,
              "code": "var self = this,\n    args = arguments;\nreturn new Promise(function (resolve, reject) {\n  var gen = fn.apply(self, args);\n  function _next(value) {\n    asyncGeneratorStep(gen, resolve, reject, _next, _throw, \"next\", value);\n  }\n  function _throw(err) {\n    asyncGeneratorStep(gen, resolve, reject, _next, _throw, \"throw\", err);\n  }\n  _next(undefined);\n});",
              "err": {},
              "uuid": "3f968a91-d4c6-4e60-ac34-8bbed664d1ba",
              "parentUUID": "18779a91-1336-41ad-937f-a01de690361c",
              "isHook": true,
              "skipped": false
            }
          ],
          "tests": [
            {
              "title": "Verify page title",
              "fullTitle": "Create Account Page : Create Account for User with Currency Euro Verify page title",
              "timedOut": false,
              "duration": 10,
              "state": "passed",
              "speed": "fast",
              "pass": true,
              "fail": false,
              "pending": false,
              "context": null,
              "code": "var self = this,\n    args = arguments;\nreturn new Promise(function (resolve, reject) {\n  var gen = fn.apply(self, args);\n  function _next(value) {\n    asyncGeneratorStep(gen, resolve, reject, _next, _throw, \"next\", value);\n  }\n  function _throw(err) {\n    asyncGeneratorStep(gen, resolve, reject, _next, _throw, \"throw\", err);\n  }\n  _next(undefined);\n});",
              "err": {},
              "uuid": "66448b05-6467-4031-ae90-ca627a986607",
              "parentUUID": "18779a91-1336-41ad-937f-a01de690361c",
              "isHook": false,
              "skipped": false
            },
            {
              "title": "click Create Account Button and verify button text",
              "fullTitle": "Create Account Page : Create Account for User with Currency Euro click Create Account Button and verify button text",
              "timedOut": false,
              "duration": 56,
              "state": "passed",
              "speed": "medium",
              "pass": true,
              "fail": false,
              "pending": false,
              "context": null,
[...]
              "err": {},
              "uuid": "54596a15-3c4a-48be-9537-014de5d2f885",
              "parentUUID": "a0d521e6-91e0-4b84-9d37-5f38176cb7aa",
              "isHook": false,
              "skipped": false
            },
            {
              "title": "Select the owner of source and destination as same and verify error message",
              "fullTitle": "Create Transaction Page : Negative Test to verify Source and Destination cannot be same Error Message Select the owner of source and destination as same and verify error message",
              "timedOut": false,
              "duration": 170,
              "state": "passed",
              "speed": "slow",
              "pass": true,
              "fail": false,
              "pending": false,
              "context": null,
              "code": "var self = this,\n    args = arguments;\nreturn new Promise(function (resolve, reject) {\n  var gen = fn.apply(self, args);\n  function _next(value) {\n    asyncGeneratorStep(gen, resolve, reject, _next, _throw, \"next\", value);\n  }\n  function _throw(err) {\n    asyncGeneratorStep(gen, resolve, reject, _next, _throw, \"throw\", err);\n  }\n  _next(undefined);\n});",
              "err": {},
              "uuid": "c1581b23-5963-4e83-8169-9e30ea5462ac",
              "parentUUID": "a0d521e6-91e0-4b84-9d37-5f38176cb7aa",
              "isHook": false,
              "skipped": false
            }
          ],
          "suites": [],
          "passes": [
            "54596a15-3c4a-48be-9537-014de5d2f885",
            "c1581b23-5963-4e83-8169-9e30ea5462ac"
          ],
          "failures": [],
          "pending": [],
          "skipped": [],
          "duration": 633,
          "root": false,
          "rootEmpty": false,
          "_timeout": 30000
        },
        {
          "uuid": "f68fe46b-af2d-4871-a044-af655befe579",
          "title": "Transaction List Page : Enter dates and click Search to view records visible",
          "fullFile": "/Users/Jay/Desktop/Puppeteer-Mocha/tests/testsRegression/transactionsListTests/transactionsList.test.js",
          "file": "/tests/testsRegression/transactionsListTests/transactionsList.test.js",
          "beforeHooks": [
            {
              "title": "\"before all\" hook",
              "fullTitle": "Transaction List Page : Enter dates and click Search to view records visible \"before all\" hook",
              "timedOut": false,
              "duration": 696,
              "state": null,
              "speed": null,
              "pass": false,
              "fail": false,
              "pending": false,
              "context": null,
              "code": "var self = this,\n    args = arguments;\nreturn new Promise(function (resolve, reject) {\n  var gen = fn.apply(self, args);\n  function _next(value) {\n    asyncGeneratorStep(gen, resolve, reject, _next, _throw, \"next\", value);\n  }\n  function _throw(err) {\n    asyncGeneratorStep(gen, resolve, reject, _next, _throw, \"throw\", err);\n  }\n  _next(undefined);\n});",
              "err": {},
              "uuid": "5a73121c-2000-4642-957e-3ab7f97338a3",
              "parentUUID": "f68fe46b-af2d-4871-a044-af655befe579",
              "isHook": true,
              "skipped": false
            }
          ],
          "afterHooks": [
            {
              "title": "\"after all\" hook",
              "fullTitle": "Transaction List Page : Enter dates and click Search to view records visible \"after all\" hook",
              "timedOut": false,
              "duration": 15,
              "state": null,
              "speed": null,
              "pass": false,
              "fail": false,
              "pending": false,
              "context": null,
              "code": "var self = this,\n    args = arguments;\nreturn new Promise(function (resolve, reject) {\n  var gen = fn.apply(self, args);\n  function _next(value) {\n    asyncGeneratorStep(gen, resolve, reject, _next, _throw, \"next\", value);\n  }\n  function _throw(err) {\n    asyncGeneratorStep(gen, resolve, reject, _next, _throw, \"throw\", err);\n  }\n  _next(undefined);\n});",
              "err": {},
              "uuid": "38d5054a-fecb-4b23-bc70-dfa3de2bc9eb",
              "parentUUID": "f68fe46b-af2d-4871-a044-af655befe579",
              "isHook": true,
              "skipped": false
            },
            {
              "title": "\"after each\" hook",
              "fullTitle": "Transaction List Page : Enter dates and click Search to view records visible \"after each\" hook",
              "timedOut": false,
              "duration": 0,
              "state": null,
              "speed": null,
              "pass": false,
              "fail": false,
              "pending": false,
              "context": null,
              "code": "var self = this,\n    args = arguments;\nreturn new Promise(function (resolve, reject) {\n  var gen = fn.apply(self, args);\n  function _next(value) {\n    asyncGeneratorStep(gen, resolve, reject, _next, _throw, \"next\", value);\n  }\n  function _throw(err) {\n    asyncGeneratorStep(gen, resolve, reject, _next, _throw, \"throw\", err);\n  }\n  _next(undefined);\n});",
              "err": {},
              "uuid": "cdbb1006-a8d8-4951-848d-26be9f81b042",
              "parentUUID": "f68fe46b-af2d-4871-a044-af655befe579",
              "isHook": true,
              "skipped": false
            }
          ],
          "tests": [
            {
              "title": "Click transactions list tab and verify transaction details tab and info message visible",
              "fullTitle": "Transaction List Page : Enter dates and click Search to view records visible Click transactions list tab and verify transaction details tab and info message visible",
              "timedOut": false,
              "duration": 175,
              "state": "passed",
              "speed": "slow",
              "pass": true,
              "fail": false,
              "pending": false,
              "context": null,
              "code": "var self = this,\n    args = arguments;\nreturn new Promise(function (resolve, reject) {\n  var gen = fn.apply(self, args);\n  function _next(value) {\n    asyncGeneratorStep(gen, resolve, reject, _next, _throw, \"next\", value);\n  }\n  function _throw(err) {\n    asyncGeneratorStep(gen, resolve, reject, _next, _throw, \"throw\", err);\n  }\n  _next(undefined);\n});",
              "err": {},
              "uuid": "4ef4e236-8a70-4a66-8d18-6d60980ddd53",
              "parentUUID": "f68fe46b-af2d-4871-a044-af655befe579",
              "isHook": false,
              "skipped": false
            },
            {
              "title": "Enter dates and click search button to see the transactions visible",
              "fullTitle": "Transaction List Page : Enter dates and click Search to view records visible Enter dates and click search button to see the transactions visible",
              "timedOut": false,
              "duration": 152,
              "state": "passed",
              "speed": "slow",
              "pass": true,
              "fail": false,
              "pending": false,
              "context": null,
              "code": "var self = this,\n    args = arguments;\nreturn new Promise(function (resolve, reject) {\n  var gen = fn.apply(self, args);\n  function _next(value) {\n    asyncGeneratorStep(gen, resolve, reject, _next, _throw, \"next\", value);\n  }\n  function _throw(err) {\n    asyncGeneratorStep(gen, resolve, reject, _next, _throw, \"throw\", err);\n  }\n  _next(undefined);\n});",
              "err": {},
              "uuid": "e78c804a-0ae1-4287-a37e-689c2ba88e4e",
              "parentUUID": "f68fe46b-af2d-4871-a044-af655befe579",
              "isHook": false,
              "skipped": false
            }
          ],
          "suites": [],
          "passes": [
            "4ef4e236-8a70-4a66-8d18-6d60980ddd53",
            "e78c804a-0ae1-4287-a37e-689c2ba88e4e"
          ],
          "failures": [],
          "pending": [],
          "skipped": [],
          "duration": 327,
          "root": false,
          "rootEmpty": false,
          "_timeout": 30000
        },
        {
          "uuid": "6812a64e-279e-4e3d-bda2-98da01c19c81",
          "title": "Transaction List Page : Click on Search Button to view Error Message",
          "fullFile": "/Users/Jay/Desktop/Puppeteer-Mocha/tests/testsRegression/transactionsListTests/verifyErrorMessage.test.js",
          "file": "/tests/testsRegression/transactionsListTests/verifyErrorMessage.test.js",
          "beforeHooks": [
            {
              "title": "\"before all\" hook",
              "fullTitle": "Transaction List Page : Click on Search Button to view Error Message \"before all\" hook",
              "timedOut": false,
              "duration": 937,
              "state": null,
              "speed": null,
              "pass": false,
              "fail": false,
              "pending": false,
              "context": null,
              "code": "var self = this,\n    args = arguments;\nreturn new Promise(function (resolve, reject) {\n  var gen = fn.apply(self, args);\n  function _next(value) {\n    asyncGeneratorStep(gen, resolve, reject, _next, _throw, \"next\", value);\n  }\n  function _throw(err) {\n    asyncGeneratorStep(gen, resolve, reject, _next, _throw, \"throw\", err);\n  }\n  _next(undefined);\n});",
              "err": {},
              "uuid": "a26c8eca-31e1-4297-b849-44290f0040e8",
              "parentUUID": "6812a64e-279e-4e3d-bda2-98da01c19c81",
              "isHook": true,
              "skipped": false
            }
          ],
          "afterHooks": [
            {
              "title": "\"after all\" hook",
              "fullTitle": "Transaction List Page : Click on Search Button to view Error Message \"after all\" hook",
              "timedOut": false,
              "duration": 16,
              "state": null,
              "speed": null,
              "pass": false,
              "fail": false,
              "pending": false,
              "context": null,
              "code": "var self = this,\n    args = arguments;\nreturn new Promise(function (resolve, reject) {\n  var gen = fn.apply(self, args);\n  function _next(value) {\n    asyncGeneratorStep(gen, resolve, reject, _next, _throw, \"next\", value);\n  }\n  function _throw(err) {\n    asyncGeneratorStep(gen, resolve, reject, _next, _throw, \"throw\", err);\n  }\n  _next(undefined);\n});",
              "err": {},
              "uuid": "f2c85fa2-a52f-4e63-a1ed-8acfe5c6f026",
              "parentUUID": "6812a64e-279e-4e3d-bda2-98da01c19c81",
              "isHook": true,
              "skipped": false
            },
            {
              "title": "\"after each\" hook",
              "fullTitle": "Transaction List Page : Click on Search Button to view Error Message \"after each\" hook",
              "timedOut": false,
              "duration": 0,
              "state": null,
              "speed": null,
              "pass": false,
              "fail": false,
              "pending": false,
              "context": null,
              "code": "var self = this,\n    args = arguments;\nreturn new Promise(function (resolve, reject) {\n  var gen = fn.apply(self, args);\n  function _next(value) {\n    asyncGeneratorStep(gen, resolve, reject, _next, _throw, \"next\", value);\n  }\n  function _throw(err) {\n    asyncGeneratorStep(gen, resolve, reject, _next, _throw, \"throw\", err);\n  }\n  _next(undefined);\n});",
              "err": {},
              "uuid": "b9f7fc74-11cb-4adb-8016-fda325d36578",
              "parentUUID": "6812a64e-279e-4e3d-bda2-98da01c19c81",
              "isHook": true,
              "skipped": false
            }
          ],
          "tests": [
            {
              "title": "Click transactions list tab",
              "fullTitle": "Transaction List Page : Click on Search Button to view Error Message Click transactions list tab",
              "timedOut": false,
              "duration": 3110,
              "state": "passed",
              "speed": "slow",
              "pass": true,
              "fail": false,
              "pending": false,
              "context": null,
              "code": "var self = this,\n    args = arguments;\nreturn new Promise(function (resolve, reject) {\n  var gen = fn.apply(self, args);\n  function _next(value) {\n    asyncGeneratorStep(gen, resolve, reject, _next, _throw, \"next\", value);\n  }\n  function _throw(err) {\n    asyncGeneratorStep(gen, resolve, reject, _next, _throw, \"throw\", err);\n  }\n  _next(undefined);\n});",
              "err": {},
              "uuid": "12a9e3f0-e90f-43ec-8687-a72fb06cbe83",
              "parentUUID": "6812a64e-279e-4e3d-bda2-98da01c19c81",
              "isHook": false,
              "skipped": false
            },
            {
              "title": "Click search button without entering any date to view error message",
              "fullTitle": "Transaction List Page : Click on Search Button to view Error Message Click search button without entering any date to view error message",
              "timedOut": false,
              "duration": 42,
              "state": "passed",
              "speed": "medium",
              "pass": true,
              "fail": false,
              "pending": false,
              "context": null,
              "code": "var self = this,\n    args = arguments;\nreturn new Promise(function (resolve, reject) {\n  var gen = fn.apply(self, args);\n  function _next(value) {\n    asyncGeneratorStep(gen, resolve, reject, _next, _throw, \"next\", value);\n  }\n  function _throw(err) {\n    asyncGeneratorStep(gen, resolve, reject, _next, _throw, \"throw\", err);\n  }\n  _next(undefined);\n});",
              "err": {},
              "uuid": "92f6fb7e-1e14-4881-8800-3fcd2c48f3ff",
              "parentUUID": "6812a64e-279e-4e3d-bda2-98da01c19c81",
              "isHook": false,
              "skipped": false
            },
            {
              "title": "Enter only From date and click search button to view error message",
              "fullTitle": "Transaction List Page : Click on Search Button to view Error Message Enter only From date and click search button to view error message",
              "timedOut": false,
              "duration": 88,
              "state": "passed",
              "speed": "slow",
              "pass": true,
              "fail": false,
              "pending": false,
              "context": null,
              "code": "var self = this,\n    args = arguments;\nreturn new Promise(function (resolve, reject) {\n  var gen = fn.apply(self, args);\n  function _next(value) {\n    asyncGeneratorStep(gen, resolve, reject, _next, _throw, \"next\", value);\n  }\n  function _throw(err) {\n    asyncGeneratorStep(gen, resolve, reject, _next, _throw, \"throw\", err);\n  }\n  _next(undefined);\n});",
              "err": {},
              "uuid": "db39ef34-7c48-4221-9f0e-182650566446",
              "parentUUID": "6812a64e-279e-4e3d-bda2-98da01c19c81",
              "isHook": false,
              "skipped": false
            },
            {
              "title": "Enter only To date and click search button to view error message",
              "fullTitle": "Transaction List Page : Click on Search Button to view Error Message Enter only To date and click search button to view error message",
              "timedOut": false,
              "duration": 4060,
              "state": "passed",
              "speed": "slow",
              "pass": true,
              "fail": false,
              "pending": false,
              "context": null,
              "code": "var self = this,\n    args = arguments;\nreturn new Promise(function (resolve, reject) {\n  var gen = fn.apply(self, args);\n  function _next(value) {\n    asyncGeneratorStep(gen, resolve, reject, _next, _throw, \"next\", value);\n  }\n  function _throw(err) {\n    asyncGeneratorStep(gen, resolve, reject, _next, _throw, \"throw\", err);\n  }\n  _next(undefined);\n});",
              "err": {},
              "uuid": "2bc4c8f9-a73f-4d5a-aea7-a8ac42e1b451",
              "parentUUID": "6812a64e-279e-4e3d-bda2-98da01c19c81",
              "isHook": false,
              "skipped": false
            },
            {
              "title": "Verify the Info message No record found",
              "fullTitle": "Transaction List Page : Click on Search Button to view Error Message Verify the Info message No record found",
              "timedOut": false,
              "duration": 3932,
              "state": "passed",
              "speed": "slow",
              "pass": true,
              "fail": false,
              "pending": false,
              "context": null,
              "code": "var self = this,\n    args = arguments;\nreturn new Promise(function (resolve, reject) {\n  var gen = fn.apply(self, args);\n  function _next(value) {\n    asyncGeneratorStep(gen, resolve, reject, _next, _throw, \"next\", value);\n  }\n  function _throw(err) {\n    asyncGeneratorStep(gen, resolve, reject, _next, _throw, \"throw\", err);\n  }\n  _next(undefined);\n});",
              "err": {},
              "uuid": "7a71e7d4-8edb-4056-940c-adf8328cb7f1",
              "parentUUID": "6812a64e-279e-4e3d-bda2-98da01c19c81",
              "isHook": false,
              "skipped": false
            },
            {
              "title": "Verify error message for Date From cannot be greater than Date to",
              "fullTitle": "Transaction List Page : Click on Search Button to view Error Message Verify error message for Date From cannot be greater than Date to",
              "timedOut": false,
              "duration": 4016,
              "state": "passed",
              "speed": "slow",
              "pass": true,
              "fail": false,
              "pending": false,
              "context": null,
              "code": "var self = this,\n    args = arguments;\nreturn new Promise(function (resolve, reject) {\n  var gen = fn.apply(self, args);\n  function _next(value) {\n    asyncGeneratorStep(gen, resolve, reject, _next, _throw, \"next\", value);\n  }\n  function _throw(err) {\n    asyncGeneratorStep(gen, resolve, reject, _next, _throw, \"throw\", err);\n  }\n  _next(undefined);\n});",
              "err": {},
              "uuid": "1b55f999-b1cd-45cf-8a47-83ec5e82c378",
              "parentUUID": "6812a64e-279e-4e3d-bda2-98da01c19c81",
              "isHook": false,
              "skipped": false
            }
          ],
          "suites": [],
          "passes": [
            "12a9e3f0-e90f-43ec-8687-a72fb06cbe83",
            "92f6fb7e-1e14-4881-8800-3fcd2c48f3ff",
            "db39ef34-7c48-4221-9f0e-182650566446",
            "2bc4c8f9-a73f-4d5a-aea7-a8ac42e1b451",
            "7a71e7d4-8edb-4056-940c-adf8328cb7f1",
            "1b55f999-b1cd-45cf-8a47-83ec5e82c378"
          ],
          "failures": [],
          "pending": [],
          "skipped": [],
          "duration": 15248,
          "root": false,
          "rootEmpty": false,
          "_timeout": 30000
        }
      ],
      "passes": [],
      "failures": [],
      "pending": [],
      "skipped": [],
      "duration": 0,
      "root": true,
      "rootEmpty": true,
      "_timeout": 30000
    }
  ],
  "meta": {
    "mocha": {
      "version": "7.2.0"
    },
    "mochawesome": {
      "options": {
        "quiet": false,
        "reportFilename": "mochawesome",
        "saveHtml": true,
        "saveJson": true,
        "consoleReporter": "spec",
        "useInlineDiffs": false,
        "code": true
      },
      "version": "6.2.1"
    },
    "marge": {
      "options": null,
      "version": "5.1.0"
    }
  }
}